<?xml version="1.0" encoding="UTF-8"?>
<!-- Generated by org.testng.reporters.JUnitReportReporter -->
<testsuite hostname="ARASUPALANIVEL" failures="0" tests="3" name="org.saucedemo.com.Testng" time="10.691" errors="0" timestamp="2025-05-14T23:26:54 IST" skipped="0">
  <testcase classname="org.saucedemo.com.Testng" name="login" time="3.748"/>
  <system-out/>
  <testcase classname="org.saucedemo.com.Testng" name="loginErrMessage" time="3.050"/>
  <system-out/>
  <testcase classname="org.saucedemo.com.Testng" name="addToCart" time="3.893"/>
  <system-out/>
</testsuite> <!-- org.saucedemo.com.Testng -->
